d:\workspace\circletradermfc\circletradermfc\x64\debug\circletradermfc.pch
d:\workspace\circletradermfc\circletradermfc\x64\debug\vc141.pdb
d:\workspace\circletradermfc\circletradermfc\x64\debug\vc141.idb
d:\workspace\circletradermfc\circletradermfc\x64\debug\stdafx.obj
d:\workspace\circletradermfc\circletradermfc\x64\debug\strategy.obj
d:\workspace\circletradermfc\circletradermfc\x64\debug\mysqlinterface.obj
d:\workspace\circletradermfc\circletradermfc\x64\debug\strategy1.obj
d:\workspace\circletradermfc\circletradermfc\x64\debug\customtradespi.obj
d:\workspace\circletradermfc\circletradermfc\x64\debug\custommdspi.obj
d:\workspace\circletradermfc\circletradermfc\x64\debug\circletradermfcdlg.obj
d:\workspace\circletradermfc\circletradermfc\x64\debug\circletradermfc.obj
d:\workspace\circletradermfc\x64\debug\circletradermfc.exe
d:\workspace\circletradermfc\x64\debug\circletradermfc.ilk
d:\workspace\circletradermfc\x64\debug\circletradermfc.pdb
d:\workspace\circletradermfc\circletradermfc\x64\debug\circletradermfc.res
d:\workspace\circletradermfc\circletradermfc\x64\debug\circletradermfc.tlog\cl.command.1.tlog
d:\workspace\circletradermfc\circletradermfc\x64\debug\circletradermfc.tlog\cl.read.1.tlog
d:\workspace\circletradermfc\circletradermfc\x64\debug\circletradermfc.tlog\cl.write.1.tlog
d:\workspace\circletradermfc\circletradermfc\x64\debug\circletradermfc.tlog\link.command.1.tlog
d:\workspace\circletradermfc\circletradermfc\x64\debug\circletradermfc.tlog\link.read.1.tlog
d:\workspace\circletradermfc\circletradermfc\x64\debug\circletradermfc.tlog\link.write.1.tlog
d:\workspace\circletradermfc\circletradermfc\x64\debug\circletradermfc.tlog\rc.command.1.tlog
d:\workspace\circletradermfc\circletradermfc\x64\debug\circletradermfc.tlog\rc.read.1.tlog
d:\workspace\circletradermfc\circletradermfc\x64\debug\circletradermfc.tlog\rc.write.1.tlog
