d:\最新版\circletradermfc8_7\circletradermfc\debug\circletradermfc.pch
d:\最新版\circletradermfc8_7\circletradermfc\debug\vc141.pdb
d:\最新版\circletradermfc8_7\circletradermfc\debug\vc141.idb
d:\最新版\circletradermfc8_7\circletradermfc\debug\stdafx.obj
d:\最新版\circletradermfc8_7\circletradermfc\debug\strategy1.obj
d:\最新版\circletradermfc8_7\circletradermfc\debug\strategy.obj
d:\最新版\circletradermfc8_7\circletradermfc\debug\mysqlinterface.obj
d:\最新版\circletradermfc8_7\circletradermfc\debug\instrumentsmap.obj
d:\最新版\circletradermfc8_7\circletradermfc\debug\customtradespi.obj
d:\最新版\circletradermfc8_7\circletradermfc\debug\custommdspi.obj
d:\最新版\circletradermfc8_7\circletradermfc\debug\circletradermfcdlg.obj
d:\最新版\circletradermfc8_7\circletradermfc\debug\circletradermfc.obj
d:\最新版\circletradermfc8_7\debug\circletradermfc.ilk
d:\最新版\circletradermfc8_7\debug\circletradermfc.exe
d:\最新版\circletradermfc8_7\debug\circletradermfc.pdb
d:\最新版\circletradermfc8_7\circletradermfc\debug\circletradermfc.res
d:\最新版\circletradermfc8_7\circletradermfc\debug\circletradermfc.tlog\cl.command.1.tlog
d:\最新版\circletradermfc8_7\circletradermfc\debug\circletradermfc.tlog\cl.read.1.tlog
d:\最新版\circletradermfc8_7\circletradermfc\debug\circletradermfc.tlog\cl.write.1.tlog
d:\最新版\circletradermfc8_7\circletradermfc\debug\circletradermfc.tlog\link.command.1.tlog
d:\最新版\circletradermfc8_7\circletradermfc\debug\circletradermfc.tlog\link.read.1.tlog
d:\最新版\circletradermfc8_7\circletradermfc\debug\circletradermfc.tlog\link.write.1.tlog
d:\最新版\circletradermfc8_7\circletradermfc\debug\circletradermfc.tlog\rc.command.1.tlog
d:\最新版\circletradermfc8_7\circletradermfc\debug\circletradermfc.tlog\rc.read.1.tlog
d:\最新版\circletradermfc8_7\circletradermfc\debug\circletradermfc.tlog\rc.write.1.tlog
